Performing C SOURCE FILE Test CMAKE_HAVE_LIBC_PTHREAD failed with the following output:
Change Dir: /home/stanley/Desktop/aos_p4/build/CMakeFiles/CMakeTmp

Run Build Command(s):/usr/bin/make cmTC_a1873/fast && /usr/bin/make  -f CMakeFiles/cmTC_a1873.dir/build.make CMakeFiles/cmTC_a1873.dir/build
make[1]: Entering directory '/home/stanley/Desktop/aos_p4/build/CMakeFiles/CMakeTmp'
Building C object CMakeFiles/cmTC_a1873.dir/src.c.o
/usr/bin/cc   -DCMAKE_HAVE_LIBC_PTHREAD -o CMakeFiles/cmTC_a1873.dir/src.c.o -c /home/stanley/Desktop/aos_p4/build/CMakeFiles/CMakeTmp/src.c
Linking C executable cmTC_a1873
/home/stanley/Desktop/vcpkg/downloads/tools/cmake-3.18.4-linux/cmake-3.18.4-Linux-x86_64/bin/cmake -E cmake_link_script CMakeFiles/cmTC_a1873.dir/link.txt --verbose=1
/usr/bin/cc  -DCMAKE_HAVE_LIBC_PTHREAD CMakeFiles/cmTC_a1873.dir/src.c.o -o cmTC_a1873 
CMakeFiles/cmTC_a1873.dir/src.c.o: In function `main':
src.c:(.text+0x3e): undefined reference to `pthread_create'
src.c:(.text+0x4a): undefined reference to `pthread_detach'
src.c:(.text+0x56): undefined reference to `pthread_cancel'
src.c:(.text+0x67): undefined reference to `pthread_join'
src.c:(.text+0x7b): undefined reference to `pthread_atfork'
collect2: error: ld returned 1 exit status
CMakeFiles/cmTC_a1873.dir/build.make:105: recipe for target 'cmTC_a1873' failed
make[1]: *** [cmTC_a1873] Error 1
make[1]: Leaving directory '/home/stanley/Desktop/aos_p4/build/CMakeFiles/CMakeTmp'
Makefile:140: recipe for target 'cmTC_a1873/fast' failed
make: *** [cmTC_a1873/fast] Error 2


Source file was:
#include <pthread.h>

void* test_func(void* data)
{
  return data;
}

int main(void)
{
  pthread_t thread;
  pthread_create(&thread, NULL, test_func, NULL);
  pthread_detach(thread);
  pthread_cancel(thread);
  pthread_join(thread, NULL);
  pthread_atfork(NULL, NULL, NULL);
  pthread_exit(NULL);

  return 0;
}

Determining if the function pthread_create exists in the pthreads failed with the following output:
Change Dir: /home/stanley/Desktop/aos_p4/build/CMakeFiles/CMakeTmp

Run Build Command(s):/usr/bin/make cmTC_60921/fast && /usr/bin/make  -f CMakeFiles/cmTC_60921.dir/build.make CMakeFiles/cmTC_60921.dir/build
make[1]: Entering directory '/home/stanley/Desktop/aos_p4/build/CMakeFiles/CMakeTmp'
Building C object CMakeFiles/cmTC_60921.dir/CheckFunctionExists.c.o
/usr/bin/cc   -DCHECK_FUNCTION_EXISTS=pthread_create -o CMakeFiles/cmTC_60921.dir/CheckFunctionExists.c.o -c /home/stanley/Desktop/vcpkg/downloads/tools/cmake-3.18.4-linux/cmake-3.18.4-Linux-x86_64/share/cmake-3.18/Modules/CheckFunctionExists.c
Linking C executable cmTC_60921
/home/stanley/Desktop/vcpkg/downloads/tools/cmake-3.18.4-linux/cmake-3.18.4-Linux-x86_64/bin/cmake -E cmake_link_script CMakeFiles/cmTC_60921.dir/link.txt --verbose=1
/usr/bin/cc  -DCHECK_FUNCTION_EXISTS=pthread_create CMakeFiles/cmTC_60921.dir/CheckFunctionExists.c.o -o cmTC_60921  -lpthreads 
/usr/bin/ld: cannot find -lpthreads
collect2: error: ld returned 1 exit status
CMakeFiles/cmTC_60921.dir/build.make:105: recipe for target 'cmTC_60921' failed
make[1]: *** [cmTC_60921] Error 1
make[1]: Leaving directory '/home/stanley/Desktop/aos_p4/build/CMakeFiles/CMakeTmp'
Makefile:140: recipe for target 'cmTC_60921/fast' failed
make: *** [cmTC_60921/fast] Error 2



